629:./Lib/LibClockTST.lua
0 0 0 0 0 0 0 0 0 0 0 0 0 0 24 0 0 0 0 0 0 0 0 0 480 24 0 0 0 0 0 6980 6980 24 0 0 0 0 0 24 24 0 24 0 0 0 0 0 0 48 0 234 234 234 234 234 0 0 0 0 0 234 234 234 234 234 234 0 0 0 234 234 234 234 234 234 234 234 234 234 234 234 234 234 0 0 234 234 234 234 234 234 234 0 0 0 234 234 234 234 234 234 234 234 234 234 234 234 234 234 234 234 234 234 234 234 234 234 234 234 234 234 234 234 234 234 234 234 234 234 0 234 234 234 234 234 24 0 0 0 0 0 0 0 0 0 46 34 11 1 0 42 6 19 28 20 5 4 4 0 0 0 0 0 38 21 20 28 24 24 24 24 24 24 24 24 24 43 6 4 8 0 0 0 0 0 152 27 1 165 144 140 92 31 28 12 57 3 0 145 64 79 70 52 56 10 8 8 133 7 171 37 0 36 19 153 160 145 438 319 232 94 56 40 152 179 47 34 36 8 0 0 0 0 19 1 19 24 39 25 5 27 24 1 4 4 0 0 0 0 24 70 74 100 134 68 68 56 6 0 140 70 24 182 62 88 120 88 132 138 138 138 138 68 68 36 6 0 0 0 0 0 0 0 252 252 378 189 483 378 441 462 483 252 504 150 189 96 300 25 380 133 168 116 60 33 6 0 0 96 96 144 72 168 136 168 192 512 424 600 300 372 164 236 108 172 110 56 72 26 16 20 16455 16239 4603 11328 6417 4424 6551 2141 68 34 3297 3297 2316 2225 4977 4721 5522 3100 2411 2197 1317 1299 445 6 0 3297 3297 4223 5089 5522 5522 6388 6821 6821 6821 6821 6821 6821 5974 4560 4476 2800 1992 2733 1074 633 5432 5269 1015 2811 1896 926 2000 1803 821 702 3888 3462 4439 5197 5514 5504 6338 6761 6761 6761 6761 6761 3534 3496 2642 1808 1345 1331 495 6 42 192 202 234 142 90 338 56 108 104 131 77 219 54 62 38 110 92 128 38 164 68 52 70 120 44 34 36 99 19 32 171 24 25 50 33 13 50 28 7 89 6 18 29 33 21 46 27 20 20 20 80 154 72 84 116 98 101 91 42 119 118 40 118 57 57 44 39 34 28 90 118 62 56 78 76 88 72 26 76 78 38 98 34 42 42 70 64 46 42 20 80 3295 3242 3246 3236 12 921 1775 2161 2237 1732 880 475 884 962 966 936 497 70 86 158 34 44 38 54 112 111 66 83 76 88 35 147 32 44 36 32 40 98 26 48 46 22 54 96 10 16 26 24 87 33 16 16 34 49 7 105 8 20 22 24 25 86 16 20 44 24 38 97 8 7 11 35 92 27 21 16 16 46 17 87 21 6 28 20 28 13 6 6 80 36 36 16 33 26 3 19 35 34 91 13 8 8 24 92 39 21 39 26 26 9 85 16 88 36 9 18 4 20 26 10 14 19 4 7 9 7 6 8 2 
601:./Lib/LibClockTST.lua
0 0 0 0 0 0 0 0 0 0 0 1 0 4 21 4 3 3 0 0 0 0 0 0 373 20 0 2 1 6 3 243 244 21 4 3 3 0 0 20 40 1 80 3 0 0 0 9 9 68 27 119 116 116 116 117 1 3 4 0 3 116 116 116 116 117 116 3 1 1 120 120 120 120 119 119 116 116 117 117 120 120 120 120 4 3 119 117 117 120 120 120 120 4 4 4 120 120 120 120 120 119 119 117 117 120 120 120 120 120 120 119 119 117 117 120 120 120 120 120 120 120 120 120 120 120 120 120 120 120 4 120 111 108 108 108 21 4 4 4 4 4 10 7 4 4 38 24 8 0 8 19 21 1 35 0 17 17 17 0 4 3 22 27 83 63 83 57 100 100 100 80 100 24 78 24 39 17 97 18 94 3 2 2 0 1 2 5 8 150 32 20 118 133 133 78 28 67 39 89 0 20 113 69 65 47 39 32 0 3 13 114 35 169 7 8 3 20 132 132 124 355 257 186 11 11 28 157 135 34 2 0 2 4 13 15 37 57 39 53 54 71 53 36 53 53 31 35 17 10 39 13 13 74 110 110 126 118 36 52 40 44 40 183 89 12 86 12 93 93 138 120 119 93 74 48 0 0 5 18 21 15 26 0 0 0 334 334 336 1 341 338 338 338 338 4 346 34 4 8 338 5 337 80 0 0 0 0 0 0 8 112 135 121 7 139 139 135 132 500 380 391 0 120 11 114 25 122 88 8 14 6 0 11 272 302 0 101 0 1 8 11 31 45 186 216 42 34 143 151 152 100 32 6 0 3 0 0 0 149 149 167 167 161 171 147 173 155 150 144 164 3 7 144 21 10 143 164 143 144 152 147 148 151 149 148 143 80 0 14 13 4 9 13 12 6 265 266 267 58 8 339 4 6 8 97 97 174 12 12 12 113 112 105 0 170 69 0 3 127 17 0 4 120 19 2 185 12 18 10 19 22 44 20 0 91 0 2 15 29 52 45 7 3 0 0 74 167 87 79 97 93 80 80 12 98 103 5 97 20 0 7 2 0 0 74 129 70 65 80 78 66 66 12 74 78 4 86 13 8 9 2 6 5 1 5 75 113 76 66 78 12 57 68 15 91 20 7 8 11 75 138 114 94 105 94 161 21 14 15 0 82 103 74 79 90 84 24 156 19 6 17 2 9 75 19 22 21 29 21 95 9 3 6 0 82 18 18 25 21 21 12 96 7 6 8 2 9 75 19 22 21 29 21 95 9 3 6 0 82 18 18 25 21 21 4 94 5 8 8 2 6 2 2 1 75 19 18 29 21 21 8 3 28 18 92 9 3 6 0 82 18 26 29 21 25 6 94 6 74 43 
32:./Test/ZOMock.lua
0 0 0 24 24 0 729 0 24 0 24 0 0 0 24 0 48 192 192 216 0 48 168 192 0 48 48 72 0 48 0 24 
32:./Test/ZOMock.lua
0 0 0 24 24 0 645 0 24 0 24 0 0 0 24 0 48 179 179 195 0 48 147 171 0 48 48 72 0 48 0 24 
163:/home/runner/.luarocks/share/lua/5.1/busted/block.lua
0 0 0 0 0 0 0 0 0 0 0 0 0 0 0 24 24 0 24 12512 0 12512 12536 0 24 736 736 13248 12512 11776 0 0 760 0 0 0 0 0 0 24 0 24 3442 0 3442 2706 2706 0 0 0 0 3442 365 0 3442 3442 3077 0 0 365 365 0 0 0 0 0 0 365 0 365 24 0 24 3807 0 3807 2706 2706 0 0 0 0 3807 0 3807 3807 0 0 0 0 0 3807 24 0 24 4172 4172 0 4172 4172 0 0 0 0 0 0 4172 2706 0 0 0 4172 24 0 24 736 24 0 24 365 365 365 0 389 0 24 365 24 0 24 365 24 0 24 341 0 341 341 341 0 0 0 0 341 0 341 341 0 341 0 0 0 0 341 341 0 0 341 341 0 365 0 24 
38:/home/runner/.luarocks/share/lua/5.1/busted/compatibility.lua
0 0 0 0 0 0 0 0 0 0 0 0 0 0 0 0 0 0 0 0 0 0 0 0 0 0 0 0 0 0 0 0 0 0 0 0 10 10 
124:/home/runner/.luarocks/share/lua/5.1/busted/context.lua
0 0 0 48 2160 2112 0 48 48 48 48 48 0 0 0 48 2304 2256 0 4896 4848 0 48 0 0 0 0 0 0 0 0 0 0 0 0 0 0 0 0 0 0 0 0 0 0 0 0 0 0 0 0 0 0 0 0 0 0 0 1077 1077 48 1029 0 1029 0 0 1077 1077 0 0 1077 1077 0 0 1077 48 0 1077 0 0 17407 0 0 0 0 0 0 0 0 0 0 0 0 0 0 0 0 0 1077 1077 1077 1077 0 0 389 0 0 0 87445 0 0 0 4356 4356 4356 4356 4356 0 0 4356 4356 4356 4356 4356 
315:/home/runner/.luarocks/share/lua/5.1/busted/core.lua
0 0 0 0 0 0 0 0 0 0 5 0 0 0 0 0 0 0 0 0 0 0 0 0 0 0 90 90 5 85 0 0 85 0 0 0 95 0 0 0 24 0 0 0 0 0 0 0 0 0 0 0 0 0 0 0 0 0 0 0 0 0 0 0 0 0 0 0 0 1143 1143 0 1143 1143 1162 1148 19 19 0 0 1143 1143 0 1143 1143 0 0 0 90 90 90 90 0 90 90 0 0 0 0 0 90 0 0 0 3393 0 0 0 744 0 0 0 0 0 0 0 1233 0 3141 3141 48 48 48 48 48 48 0 0 3093 1185 1185 1185 1185 1185 0 0 1908 0 0 0 0 0 0 5 5 5 5 5 5 0 0 0 0 0 0 0 0 0 0 0 0 0 0 0 0 0 24 0 24 0 24 0 0 4356 4356 4356 0 8712 90 90 90 8802 0 4356 90 0 0 0 90 0 0 0 0 0 0 0 0 0 0 0 90 0 4356 0 4356 4356 0 0 0 2202 2202 2202 1101 1101 1101 1101 1101 1101 0 4404 2202 4404 2202 0 0 0 0 0 0 0 0 0 0 0 0 0 0 0 0 0 0 0 0 0 0 0 0 0 0 0 0 0 0 0 0 0 0 0 1077 0 0 0 0 1077 0 1077 1077 1053 0 0 0 1077 2154 0 1077 1077 0 0 0 0 0 0 1077 1077 1077 1077 1077 1077 1077 1077 1077 1077 1077 1077 0 0 1077 0 1077 389 0 688 0 1077 0 0 0 365 1442 1077 1077 2154 1077 0 365 
31:/home/runner/.luarocks/share/lua/5.1/busted/environment.lua
0 0 0 0 0 0 0 80432 0 79732 65987 79732 0 0 0 0 0 0 0 0 14445 0 0 0 0 0 0 0 0 0 24 
72:/home/runner/.luarocks/share/lua/5.1/busted/execute.lua
24 24 24 0 0 0 0 0 0 0 0 0 24 0 0 24 0 0 24 24 0 0 0 0 0 0 0 0 0 0 0 0 0 0 0 0 0 0 24 0 48 24 0 0 0 0 0 24 0 24 0 0 0 0 24 24 24 24 0 24 24 0 24 0 24 0 0 0 48 0 24 24 
127:/home/runner/.luarocks/share/lua/5.1/busted/init.lua
0 0 0 0 24 24 24 0 24 24 0 0 317 317 317 0 317 317 0 0 736 736 0 736 0 0 0 0 736 0 736 736 736 0 736 0 736 736 736 736 736 0 0 0 0 0 0 736 0 0 736 736 0 0 0 0 0 0 0 0 0 0 0 0 0 0 0 0 0 0 0 0 0 0 0 0 0 0 0 0 0 0 0 0 0 0 0 0 0 0 0 0 0 0 0 0 0 0 0 0 0 0 0 0 0 0 0 0 0 0 0 0 0 0 0 0 0 0 0 0 0 0 0 0 0 0 3114 
50:/home/runner/.luarocks/share/lua/5.1/busted/languages/en.lua
24 0 24 0 0 24 24 24 24 0 24 24 24 24 0 24 24 24 24 0 24 24 24 24 0 24 0 24 24 0 0 24 24 24 24 24 24 24 24 24 0 24 24 24 24 24 24 0 24 24 
23:/home/runner/.luarocks/share/lua/5.1/busted/modules/files/lua.lua
24 0 24 0 0 1143 1143 1143 24 0 0 24 24 0 0 24 24 0 0 24 24 0 24 
107:/home/runner/.luarocks/share/lua/5.1/busted/modules/files/moonscript.lua
24 0 48 24 24 0 24 0 0 0 0 0 0 0 0 0 0 24 0 0 0 0 0 0 0 0 0 0 0 0 24 0 0 0 0 0 24 0 0 0 0 0 0 0 0 0 0 0 0 0 0 0 0 0 0 0 0 0 0 0 0 0 0 0 0 0 24 0 24 0 0 0 0 0 0 0 0 0 0 0 24 0 0 0 0 0 0 0 0 0 0 0 24 0 0 0 24 0 0 0 0 0 0 0 24 0 24 
129:/home/runner/.luarocks/share/lua/5.1/busted/modules/filter_loader.lua
0 0 0 736 736 0 2706 2706 1970 1970 0 0 736 24 0 0 0 0 24 0 0 1053 0 0 0 0 1053 24 0 0 736 736 0 0 0 0 736 24 0 0 1053 0 0 0 0 1053 24 0 0 736 0 0 0 0 736 24 0 0 0 0 0 0 0 0 0 0 0 24 0 0 0 24 0 24 0 0 0 0 0 0 24 0 0 0 24 0 0 192 336 240 0 0 216 0 0 0 0 0 0 0 0 24 0 24 0 0 0 0 0 0 0 0 0 0 0 0 0 0 24 24 24 24 0 0 24 24 24 24 24 
34:/home/runner/.luarocks/share/lua/5.1/busted/modules/output_handler_loader.lua
0 0 0 0 0 0 0 0 24 48 24 0 24 0 0 24 0 48 0 24 0 0 0 24 0 0 0 0 24 0 0 0 24 24 
101:/home/runner/.luarocks/share/lua/5.1/busted/modules/test_file_loader.lua
24 0 0 24 24 24 24 0 72 48 48 0 0 0 0 0 24 0 24 24 24 0 48 24 24 0 0 0 0 24 24 24 0 0 0 48 0 48 24 0 0 24 0 48 0 0 0 0 0 24 24 24 0 0 24 48 24 0 24 24 0 0 0 24 24 24 0 0 24 0 0 24 0 48 24 0 24 48 24 24 24 24 0 0 24 0 0 0 24 0 0 0 0 0 0 0 24 24 0 24 24 
179:/home/runner/.luarocks/share/lua/5.1/busted/outputHandlers/base.lua
0 24 24 24 24 24 24 24 24 24 24 24 0 0 0 2208 24 0 0 24 24 0 24 0 0 0 24 24 24 24 24 24 24 24 24 24 48 0 0 736 736 0 2706 2706 0 1970 1970 0 0 736 24 0 0 0 736 8562 7826 6354 0 0 736 736 0 736 736 736 736 736 736 736 0 736 0 736 24 0 0 24 0 0 0 24 24 0 0 24 24 24 24 0 0 0 0 0 0 0 0 0 0 0 0 0 24 0 0 24 24 24 24 0 0 736 736 24 0 0 0 0 736 646 646 90 0 0 90 0 5 5 85 0 85 85 0 0 646 0 646 646 646 0 0 0 646 0 0 646 0 646 24 0 0 0 0 0 0 24 0 0 5 5 24 0 0 85 85 85 24 0 0 90 0 0 0 0 90 24 0 24 24 
188:/home/runner/.luarocks/share/lua/5.1/busted/outputHandlers/utfTerminal.lua
24 24 24 0 24 0 24 0 0 0 24 0 0 0 24 24 0 24 24 24 24 0 0 0 0 0 0 0 0 0 0 0 0 0 0 0 0 24 0 0 90 90 90 0 0 0 0 0 0 90 24 0 0 90 90 85 0 0 90 0 0 0 0 90 90 90 90 90 0 0 90 90 0 0 90 24 0 0 24 24 24 24 0 24 24 24 24 24 0 24 0 24 0 0 0 24 20 4 3 0 0 24 24 0 0 0 0 24 17 7 1 0 0 24 0 24 24 24 24 24 24 0 0 736 736 0 736 0 736 5 731 85 0 0 736 736 0 0 736 24 0 0 24 24 24 0 24 24 0 0 24 24 0 24 0 0 0 0 29 5 5 0 0 109 85 85 0 0 24 24 0 0 0 0 0 0 24 0 24 24 24 24 24 24 24 0 24 24 
208:/home/runner/.luarocks/share/lua/5.1/busted/runner.lua
0 0 0 0 0 0 0 0 0 0 0 0 0 0 0 0 0 0 0 0 0 0 0 0 0 0 0 0 0 0 0 0 0 0 0 0 0 0 0 0 0 0 0 0 0 0 0 0 0 0 0 0 0 0 0 0 0 0 0 24 0 0 0 0 0 0 24 0 0 0 0 24 0 0 0 0 0 24 24 0 0 24 24 0 0 0 24 24 0 0 0 0 0 24 24 24 0 48 0 0 24 0 48 0 0 24 0 48 85 85 85 24 0 48 5 5 0 0 0 5 5 24 0 0 24 24 24 0 0 48 24 24 24 24 24 24 24 0 0 0 24 24 0 0 0 0 0 0 0 0 0 0 0 0 0 0 0 0 0 24 0 0 0 0 0 0 0 0 48 24 24 24 24 24 24 24 0 0 24 0 24 24 24 48 24 24 24 24 0 0 0 0 0 0 24 24 48 24 24 24 0 0 24 0 24 10 0 14 
42:/home/runner/.luarocks/share/lua/5.1/busted/status.lua
0 5828 5828 5828 5828 5828 5828 5828 5828 0 5828 0 0 0 5092 5092 7635 5092 5092 5092 0 0 0 5092 0 0 0 5092 0 0 0 736 736 736 0 5828 0 0 10184 5092 6564 5092 
35:/home/runner/.luarocks/share/lua/5.1/busted/utils.lua
0 0 0 24 24 168 144 144 0 0 24 0 0 0 0 0 0 0 0 0 0 0 0 0 0 0 24 24 24 24 24 120 96 0 24 
177:/home/runner/.luarocks/share/lua/5.1/luassert/assert.lua
0 0 0 0 0 0 0 0 0 0 0 5 0 5 0 0 5 5 0 0 5 0 0 0 0 0 1174 0 1174 0 3100 1926 0 0 1174 2368 1560 752 0 0 0 808 808 808 0 808 5 5 0 0 5 5 0 0 803 174 0 629 0 366 366 366 0 732 366 366 0 0 0 0 366 0 0 0 3677 2150 0 0 1527 0 0 0 0 820 0 0 0 0 0 0 0 0 0 0 0 0 0 0 0 0 0 0 0 0 0 0 0 0 0 0 0 0 0 0 0 0 0 0 0 0 0 5 5 15 10 8 8 8 8 0 0 5 0 0 0 0 0 0 0 0 0 0 0 96 96 0 0 0 0 0 0 0 0 0 0 0 0 0 0 0 0 0 0 0 0 0 0 0 355 0 0 0 355 0 0 0 820 
261:/home/runner/.luarocks/share/lua/5.1/luassert/assertions.lua
0 0 0 0 0 0 0 0 0 0 0 0 0 0 0 0 0 0 442 0 0 442 0 0 0 0 0 0 0 0 0 0 0 0 0 0 0 0 0 0 0 0 0 0 0 0 0 0 0 0 0 0 0 0 0 0 0 0 0 0 0 0 0 0 0 0 0 0 0 0 0 0 0 0 0 0 0 0 0 0 0 0 0 0 0 0 0 0 0 0 0 0 0 0 0 0 0 0 0 0 0 0 0 0 0 0 0 0 0 0 0 0 96 96 96 96 0 96 96 96 0 0 0 84 84 84 84 60 0 60 60 60 60 60 60 0 24 0 24 24 24 0 0 0 63 63 0 0 0 0 0 0 0 175 175 175 175 175 175 175 175 0 147 0 175 175 175 175 175 175 175 175 0 175 175 0 0 0 0 0 0 0 0 0 0 0 0 0 0 0 0 0 0 0 0 0 0 0 0 0 0 0 0 0 0 0 0 0 0 0 0 0 0 0 0 0 0 0 0 0 0 0 0 0 0 0 0 0 0 0 0 0 0 0 0 0 0 0 0 0 0 0 0 0 0 0 0 0 0 0 0 0 0 0 0 0 0 0 24 24 24 
202:/home/runner/.luarocks/share/lua/5.1/luassert/formatters/init.lua
0 0 0 0 0 0 0 0 0 0 0 0 0 0 0 0 0 0 0 0 0 2 2 0 0 0 0 0 4 0 0 0 4 0 4 0 4 0 0 0 4 0 4 0 0 0 0 0 4 0 0 0 6 4 0 2 0 0 6 0 0 6 0 0 8 2 0 6 0 0 0 0 0 0 0 0 0 0 0 0 0 0 0 0 0 0 0 0 0 0 0 0 0 0 0 0 0 0 0 0 0 0 0 0 0 0 0 0 0 0 0 0 0 0 0 8 8 0 0 0 0 0 0 0 0 0 0 0 0 0 0 0 0 0 0 0 0 0 0 0 0 0 0 0 0 0 0 0 0 0 0 0 0 0 0 0 0 0 0 0 0 0 0 0 0 0 0 0 0 0 0 0 0 0 0 0 0 0 0 0 0 0 0 0 0 8 0 0 0 8 0 0 8 0 0 8 0 0 8 0 0 8 
65:/home/runner/.luarocks/share/lua/5.1/luassert/match.lua
0 0 0 0 0 0 0 0 0 0 0 0 0 0 0 0 0 0 0 0 0 0 0 0 0 0 0 0 0 0 0 0 0 0 0 0 0 0 0 0 0 0 0 0 0 0 0 0 0 0 0 0 0 0 0 0 0 0 0 0 0 0 0 0 3550 
10:/home/runner/.luarocks/share/lua/5.1/luassert/modifiers.lua
0 0 0 0 721 0 0 0 31 31 
130:/home/runner/.luarocks/share/lua/5.1/luassert/spy.lua
0 0 0 0 0 0 0 366 366 366 0 366 366 366 366 366 366 0 0 0 0 0 0 96 96 0 0 192 96 96 96 0 96 96 0 0 0 0 0 0 0 0 0 96 0 0 0 0 0 96 0 0 156 0 0 0 0 156 96 0 0 210 96 0 0 0 96 96 96 96 0 0 0 3042 0 0 0 0 0 0 0 0 0 0 0 0 0 0 366 366 0 0 366 0 0 0 0 0 0 0 0 0 0 0 0 210 210 210 210 0 0 0 0 0 0 156 156 156 0 0 0 156 156 156 156 156 156 156 156 156 
124:/home/runner/.luarocks/share/lua/5.1/luassert/state.lua
0 0 0 0 0 0 0 0 0 0 0 0 0 0 0 0 0 0 0 0 0 0 0 0 0 0 0 0 0 0 0 0 0 0 0 0 0 0 0 0 0 0 0 0 0 0 0 0 0 0 0 0 0 0 0 0 0 0 0 0 0 0 0 0 0 0 0 0 0 0 0 0 0 0 0 0 0 0 0 0 0 0 0 0 0 0 0 0 8 54 54 54 0 0 0 0 0 0 0 0 0 0 0 0 0 0 0 0 0 0 0 0 0 0 0 0 0 0 0 0 0 0 96 96 
283:/home/runner/.luarocks/share/lua/5.1/luassert/util.lua
0 0 2953 2953 0 2953 975 975 0 975 0 0 0 975 0 0 0 975 975 975 975 975 0 0 0 975 0 0 0 975 975 0 2664 2293 2293 519 0 0 1774 1774 85 85 85 0 0 2037 0 0 1666 0 0 371 371 0 371 0 0 0 907 907 2415 1508 0 907 0 0 0 3042 3042 378 0 0 378 378 378 0 2262 1884 0 378 0 0 378 0 378 0 0 0 0 0 0 0 732 732 732 1890 1158 0 732 0 0 0 0 0 0 0 0 0 888 1406 1196 1196 0 1196 0 0 1196 678 0 0 651 0 0 441 441 0 0 0 0 0 0 0 0 210 210 888 888 210 0 0 0 0 0 0 0 0 0 0 0 0 0 0 0 360 360 360 360 360 360 0 0 0 0 360 360 0 360 0 156 156 0 0 540 180 0 0 360 360 0 0 0 0 0 0 0 0 0 180 180 0 180 0 0 0 0 0 180 0 360 180 0 0 180 180 180 0 0 0 0 0 0 0 0 0 271 0 0 0 0 0 0 0 0 5 0 0 0 0 0 0 0 0 1179 1179 1179 1179 2358 1179 1179 1179 0 1179 1179 0 0 0 0 0 0 0 0 1174 0 0 1174 1174 1174 3100 1926 1926 0 0 1926 2136 210 210 210 210 0 0 1926 1926 1926 0 1926 0 0 0 1174 0 0 0 1174 
154:/home/runner/.luarocks/share/lua/5.1/mediator.lua
0 744 0 0 0 744 744 744 744 0 0 0 0 0 744 0 744 744 0 0 0 0 0 600 600 600 600 600 600 0 0 744 744 0 744 0 744 480 480 0 360 0 0 744 0 744 600 0 0 0 0 0 0 0 0 0 0 0 0 600 0 0 0 0 0 0 0 0 600 0 0 600 600 600 0 0 0 600 0 0 8130 600 0 0 0 0 0 0 0 0 0 0 0 600 0 0 14153 7229 0 0 7229 0 7229 0 7229 7229 0 0 0 6924 4608 0 2316 0 600 600 0 0 0 0 0 0 0 0 0 0 0 0 0 0 0 4137 0 12267 8130 0 0 4137 0 0 0 744 0 0 0 0 0 0 0 0 0 0 0 3393 
565:/home/runner/.luarocks/share/lua/5.1/pl/List.lua
0 0 0 0 0 0 0 0 0 0 0 0 0 0 0 0 0 0 0 0 24 24 24 24 24 24 24 0 24 24 0 0 24 24 0 24 0 24 0 0 0 0 0 0 0 0 24 0 0 0 24 0 24 0 24 0 24 0 0 0 0 0 0 24 0 0 0 0 0 0 0 0 0 0 0 0 24 0 0 0 0 24 0 0 0 24 0 0 0 0 24 0 0 24 0 24 0 0 0 0 0 24 0 0 0 24 0 0 0 0 0 0 24 0 0 0 24 0 0 0 0 24 0 24 0 0 0 0 0 24 0 0 0 24 0 0 0 0 0 0 0 24 0 0 0 0 24 0 0 0 0 0 0 24 0 0 0 24 0 24 0 0 0 0 0 0 0 0 24 24 0 0 0 0 24 0 24 0 0 0 0 24 0 0 0 0 0 24 0 0 0 0 24 0 0 0 24 0 0 0 0 24 0 24 0 0 0 24 0 0 0 0 0 0 0 24 0 0 0 0 24 0 0 0 0 0 0 0 24 0 0 0 0 0 0 0 0 24 0 24 0 0 0 24 0 0 24 0 24 0 0 0 0 0 0 0 0 0 0 0 24 0 0 0 0 0 0 0 0 0 0 0 0 0 0 0 24 0 0 24 0 24 0 0 0 0 0 0 0 0 24 0 24 0 0 0 0 0 0 0 24 0 0 0 0 0 0 0 0 24 0 0 0 0 0 0 24 0 0 0 0 0 0 24 0 0 0 0 0 24 0 0 0 0 24 0 0 0 0 0 24 0 0 0 0 0 24 0 0 0 0 0 24 0 0 0 24 0 0 0 0 0 0 24 0 0 0 0 0 0 0 24 0 0 0 0 24 0 24 0 0 0 0 24 0 0 0 0 24 0 0 0 0 0 24 0 0 0 0 24 0 0 0 0 0 24 0 0 0 0 0 24 0 24 0 0 0 0 0 0 24 0 0 24 0 0 0 0 0 0 0 0 24 0 24 0 0 0 0 0 0 24 0 0 24 0 0 0 0 0 0 0 0 24 0 24 0 0 0 0 0 0 0 24 0 0 0 0 0 0 0 24 0 0 0 0 0 24 0 24 0 0 0 0 0 0 0 0 0 0 0 24 0 24 0 0 0 0 0 24 0 24 0 0 0 0 0 0 0 0 24 0 0 0 0 0 0 0 0 0 0 24 0 0 24 0 24 0 0 0 0 0 0 0 24 0 0 0 0 0 0 0 0 0 0 0 0 0 0 0 0 0 0 0 0 0 0 0 0 0 0 24 24 0 24 
214:/home/runner/.luarocks/share/lua/5.1/pl/class.lua
0 0 0 0 0 0 0 0 0 0 0 0 0 0 0 0 0 0 0 0 0 0 0 0 0 0 0 0 0 0 0 0 0 0 0 0 0 0 0 0 0 0 0 0 0 0 0 0 0 0 0 0 0 0 0 0 0 0 0 0 0 0 0 0 0 0 0 0 0 0 0 0 0 0 0 0 0 0 0 0 0 0 0 0 0 0 0 0 0 0 0 0 0 0 0 0 0 0 0 0 0 0 0 0 0 0 0 0 0 0 0 0 0 0 0 0 0 0 0 0 0 0 0 0 24 0 24 24 0 0 0 24 0 0 24 0 0 0 0 0 0 24 0 0 0 24 24 24 24 0 0 24 0 0 0 0 0 0 0 0 0 0 0 0 0 0 0 0 0 0 0 0 0 0 0 0 0 0 24 0 0 0 0 0 0 0 0 24 24 24 24 24 0 24 24 0 0 24 0 0 0 0 0 0 0 0 0 0 0 0 0 0 0 24 
475:/home/runner/.luarocks/share/lua/5.1/pl/dir.lua
0 0 0 0 0 0 0 24 24 24 24 24 24 24 24 24 24 24 24 24 0 24 0 0 24 24 0 0 24 48 0 0 24 24 24 0 0 0 0 0 0 0 0 0 0 24 0 0 0 24 0 0 0 0 0 0 24 0 0 0 0 0 0 0 0 24 0 0 0 0 0 0 0 0 0 0 0 0 0 0 24 0 0 0 0 0 0 24 0 0 0 0 0 0 0 0 0 0 24 0 0 0 0 0 24 0 0 24 0 24 0 0 0 0 0 0 0 0 0 0 0 0 0 0 24 0 0 0 0 0 0 0 0 0 0 0 0 0 0 0 0 0 0 0 0 0 0 0 0 0 0 0 0 0 0 0 0 0 0 0 0 0 0 0 0 0 0 0 0 0 0 0 0 0 0 0 0 0 0 0 0 0 24 0 0 0 24 0 0 0 0 0 0 0 0 0 0 0 0 0 0 0 0 0 0 0 0 0 0 0 0 0 0 0 0 0 0 0 0 0 0 0 0 0 0 0 0 0 24 0 0 0 0 0 0 0 24 0 0 0 0 24 0 0 0 0 0 0 24 0 0 0 24 0 0 0 0 0 0 0 0 0 0 0 0 0 0 0 0 24 0 0 0 0 0 0 0 0 0 24 0 0 0 0 0 0 0 0 0 0 0 0 0 0 24 0 0 0 0 0 0 0 0 24 0 0 0 0 0 0 24 0 0 0 0 0 0 0 0 0 0 0 24 0 24 24 0 0 24 0 0 24 0 0 0 0 0 0 0 0 0 0 0 0 0 24 0 0 0 0 0 0 24 0 0 0 0 0 24 0 0 0 0 0 0 0 0 0 0 0 0 0 0 24 0 0 0 0 0 0 0 0 0 0 0 0 0 0 0 0 0 0 0 0 0 0 0 0 0 0 0 0 0 0 0 0 0 0 0 0 0 0 0 0 0 24 0 0 0 0 0 24 24 24 24 0 24 24 0 0 0 0 96 72 24 24 24 24 24 0 0 0 0 0 48 0 48 24 0 0 0 0 0 0 0 0 24 24 24 0 24 24 48 24 24 24 24 0 0 0 0 24 24 0 24 
275:/home/runner/.luarocks/share/lua/5.1/pl/path.lua
0 0 0 0 0 0 0 0 0 0 0 0 0 0 0 0 0 0 0 0 0 0 0 0 0 0 0 0 0 0 0 0 0 0 0 0 0 0 0 0 0 0 0 0 0 0 0 0 0 0 0 0 0 0 72 72 0 0 72 0 0 0 0 0 24 24 0 0 0 0 0 0 0 0 0 0 0 0 0 0 0 0 0 0 0 0 0 0 0 0 24 24 0 0 0 0 0 0 0 0 0 0 0 0 0 0 0 0 0 0 0 0 0 0 0 0 0 34615 0 0 0 0 0 0 0 0 0 0 0 0 0 0 0 0 0 0 0 0 0 0 0 0 0 0 0 0 0 0 0 2315 2315 2315 34519 32204 32204 0 2315 0 0 2315 0 0 0 0 0 0 0 0 0 0 0 0 0 0 0 0 0 0 0 0 0 0 0 0 0 0 0 24 24 24 96 72 0 0 72 72 0 24 0 0 24 0 0 0 0 0 0 2291 2291 2291 0 0 0 0 0 24 24 24 0 0 0 0 0 24 24 24 0 0 0 0 0 0 0 0 0 0 0 0 0 0 0 0 0 0 0 0 0 0 0 0 0 0 0 0 0 0 0 0 0 0 0 0 0 0 0 0 0 0 0 0 48 48 0 0 48 
830:/home/runner/.luarocks/share/lua/5.1/pl/tablex.lua
0 0 0 0 0 0 0 0 0 0 0 0 0 0 0 0 0 0 0 0 0 48 48 0 0 0 0 0 0 0 0 0 0 0 0 0 0 0 48 0 0 48 0 0 72 0 0 72 0 0 0 0 0 0 0 0 0 0 0 0 0 0 0 0 0 0 0 0 0 0 0 0 0 0 0 0 0 0 0 0 0 0 0 0 0 0 0 0 0 72 72 4896 4824 0 72 0 0 0 0 0 0 0 0 0 0 0 0 0 0 0 0 0 0 0 0 0 0 0 0 0 0 0 0 0 0 0 0 0 0 0 0 0 0 0 0 0 0 0 0 0 0 0 0 0 0 0 0 0 0 0 0 0 0 0 0 0 0 0 0 0 0 0 0 0 0 0 0 0 0 0 0 0 0 0 0 0 0 0 0 0 0 0 0 0 0 0 0 0 0 0 0 0 0 0 0 0 0 0 0 0 0 0 0 0 0 0 0 0 0 0 0 0 0 0 0 0 0 0 0 0 0 0 0 0 0 0 0 0 0 0 0 0 0 0 0 0 0 0 0 0 0 0 0 0 0 0 0 0 0 0 0 0 0 0 0 0 0 0 0 0 0 0 0 0 0 0 0 0 0 0 0 0 0 0 0 0 0 0 0 0 0 0 0 0 0 0 0 0 0 0 0 0 0 0 0 0 0 0 0 0 0 0 0 0 0 0 0 0 0 0 0 0 0 0 0 0 0 0 0 0 0 0 0 0 0 0 0 0 0 0 0 0 0 0 0 0 0 0 0 0 0 0 0 0 0 0 0 0 0 0 0 0 0 0 0 0 0 0 0 0 0 0 0 0 0 0 0 0 0 0 0 0 0 0 0 0 0 0 0 0 0 0 0 0 0 0 0 0 0 0 0 0 0 0 0 0 0 0 0 0 0 0 0 0 0 0 0 0 0 0 0 0 0 0 0 0 0 0 0 0 0 0 0 0 0 0 0 0 0 0 0 0 0 0 0 0 0 0 0 0 0 0 0 0 0 0 0 0 0 0 0 0 0 0 0 0 0 0 0 0 0 0 0 0 0 0 0 0 0 0 0 0 0 0 0 0 0 0 0 0 0 0 0 0 0 0 0 0 0 0 0 0 0 0 0 0 0 0 0 0 0 0 0 0 0 0 0 0 0 0 0 0 0 0 0 0 0 0 0 0 0 0 0 0 0 0 0 0 0 0 0 0 0 0 0 0 0 0 0 0 0 0 0 0 0 0 0 0 0 0 0 0 0 0 0 0 0 0 0 0 0 0 0 0 0 0 0 0 0 0 0 0 0 0 0 0 0 0 0 0 0 0 0 0 0 0 0 0 0 0 0 0 0 0 0 0 0 0 0 0 0 0 0 0 0 0 0 0 0 0 0 0 0 0 0 0 0 0 0 0 0 0 0 0 0 0 0 0 0 0 0 0 0 0 0 0 0 0 0 0 0 0 0 0 0 0 0 0 0 0 0 0 0 0 0 0 0 0 0 0 0 0 0 0 0 48 48 48 96 48 48 48 48 0 0 48 0 0 0 0 0 0 0 0 0 0 0 0 0 0 0 0 0 0 0 0 0 0 0 0 0 0 0 0 0 0 0 0 0 0 0 0 0 0 0 0 0 0 0 0 0 0 0 0 0 0 0 0 0 0 0 0 0 0 0 0 0 0 0 0 0 0 0 0 0 0 0 0 0 0 0 0 0 0 0 0 0 0 0 0 0 0 0 0 0 0 0 0 0 0 0 0 0 0 0 0 0 0 0 0 0 0 0 0 0 0 0 0 0 0 0 0 0 0 0 0 0 0 0 0 0 0 0 0 0 0 0 0 0 0 0 0 0 24 24 24 24 0 0 0 24 24 0 0 24 48 24 0 0 24 
115:/home/runner/.luarocks/share/lua/5.1/pl/types.lua
0 0 0 0 0 0 0 0 0 0 0 0 0 0 0 0 0 0 0 0 0 0 0 0 0 0 0 0 0 0 0 0 0 0 0 0 0 0 0 0 0 0 0 0 0 0 0 0 0 0 0 0 0 0 0 0 0 0 0 0 0 0 0 0 0 0 0 0 0 0 0 0 0 0 0 0 0 0 0 0 0 0 0 0 120 0 0 0 0 0 0 0 0 0 0 0 0 0 48 48 0 0 0 0 0 0 0 0 0 0 0 0 0 72 72 
462:/home/runner/.luarocks/share/lua/5.1/pl/utils.lua
0 0 0 0 0 0 0 0 0 0 0 0 0 0 0 0 0 0 0 0 0 0 0 0 0 0 0 0 0 0 0 0 0 0 0 0 0 0 0 0 0 0 0 0 0 0 0 0 0 0 0 0 0 0 0 0 0 0 0 0 0 0 0 0 0 0 0 0 0 0 0 0 0 0 0 0 0 0 0 0 0 0 0 0 0 0 0 0 0 0 0 0 0 0 0 0 0 0 0 0 0 0 0 0 0 0 0 0 0 0 0 0 0 0 0 0 0 0 0 0 0 0 0 0 0 0 0 0 0 0 0 0 0 0 0 0 0 0 0 0 0 0 0 0 0 0 0 0 0 0 0 0 0 0 0 0 0 0 0 0 0 0 0 0 0 0 0 0 0 0 0 0 0 0 0 0 0 0 0 0 0 0 0 0 0 4966 0 0 4966 0 0 4966 0 0 0 0 0 0 0 0 0 0 0 0 0 48 48 48 0 0 0 0 0 0 0 0 0 0 0 0 0 0 0 0 0 0 0 0 0 0 0 0 0 0 0 0 0 0 0 0 0 0 0 0 0 4870 0 0 0 0 0 0 0 0 0 0 0 0 0 0 0 0 0 0 0 0 0 0 0 0 0 0 0 0 0 0 0 0 0 0 0 0 0 0 0 0 0 0 0 0 0 0 0 0 0 0 0 0 0 0 0 0 0 0 0 0 0 0 0 0 0 0 0 0 0 0 0 0 0 0 0 0 0 0 0 0 0 0 0 0 0 0 0 0 0 0 0 0 0 0 0 0 0 0 0 0 0 0 0 0 0 0 0 0 0 0 0 0 0 0 0 0 0 0 0 0 0 0 0 0 0 0 0 0 0 0 0 0 0 0 0 0 0 0 0 0 0 0 0 0 0 0 0 0 0 0 0 0 0 0 0 0 0 0 0 0 0 0 0 0 0 0 0 0 0 0 0 0 0 0 0 0 0 0 0 0 0 0 0 0 0 0 0 0 0 0 0 0 0 0 0 0 0 0 0 0 0 0 0 0 0 0 0 0 0 0 0 0 0 0 24 24 
48:/home/runner/.luarocks/share/lua/5.1/say/init.lua
0 0 0 0 0 0 0 0 0 0 0 0 0 24 24 0 0 24 0 0 0 0 0 0 0 0 0 456 456 0 0 0 0 720 0 720 0 720 0 0 720 720 0 1970 1250 0 0 720 
39:/home/runner/.luarocks/share/lua/5.1/term/colors.lua
0 0 0 0 0 0 0 0 0 0 0 0 0 0 0 0 0 0 0 0 0 0 0 0 0 0 0 0 0 0 1322 0 0 0 1322 0 0 0 661 
163:/usr/local/share/lua/5.1/busted/block.lua
0 0 0 0 0 0 0 0 0 0 0 0 0 0 0 24 24 0 24 14365 0 14365 14389 0 24 845 845 15210 14365 13520 0 0 869 0 0 0 0 0 0 24 0 24 3927 0 3927 3082 3082 0 0 0 0 3927 411 0 3927 3927 3516 0 0 411 411 0 0 0 0 0 0 411 0 411 24 0 24 4338 0 4338 3082 3082 0 0 0 0 4338 0 4338 4338 0 0 0 0 0 4338 24 0 24 4749 4749 0 4749 4749 0 0 0 0 0 0 4749 3082 0 0 0 4749 24 0 24 845 24 0 24 411 411 411 0 435 0 24 411 24 0 24 411 24 0 24 387 0 387 387 387 0 0 0 0 387 0 387 387 0 387 0 0 0 0 387 387 0 0 387 387 0 411 0 24 
38:/usr/local/share/lua/5.1/busted/compatibility.lua
0 0 0 0 0 0 0 0 0 0 0 0 0 0 0 0 0 0 0 0 0 0 0 0 0 0 0 0 0 0 0 0 0 0 0 0 15 15 
124:/usr/local/share/lua/5.1/busted/context.lua
0 0 0 53 2400 2347 0 53 53 53 53 53 0 0 0 53 2544 2491 0 4929 4876 0 53 0 0 0 0 0 0 0 0 0 0 0 0 0 0 0 0 0 0 0 0 0 0 0 0 0 0 0 0 0 0 0 0 0 0 0 1232 1232 53 1179 0 1179 0 0 1232 1232 0 0 1232 1232 0 0 1232 53 0 1232 0 0 35619 0 0 0 0 0 0 0 0 0 0 0 0 0 0 0 0 0 1232 1232 1232 1232 0 0 435 0 0 0 185796 0 0 0 4976 4976 4976 4976 4976 0 0 4976 4976 4976 4976 4976 
315:/usr/local/share/lua/5.1/busted/core.lua
0 0 0 0 0 0 0 0 0 0 19 0 0 0 0 0 0 0 0 0 0 0 0 0 0 0 20 20 19 1 0 0 1 0 0 0 39 0 0 0 24 0 0 0 0 0 0 0 0 0 0 0 0 0 0 0 0 0 0 0 0 0 0 0 0 0 0 0 0 1228 1228 0 1228 1228 1288 1247 60 60 0 0 1228 1228 0 1228 1228 0 0 0 20 20 20 20 0 20 20 0 0 0 0 0 20 0 0 0 3788 0 0 0 744 0 0 0 0 0 0 0 1248 0 2941 2941 48 48 48 48 48 48 0 0 2893 1200 1200 1200 1200 1200 0 0 1693 0 0 0 0 0 0 19 19 19 19 19 19 0 0 0 0 0 0 0 0 0 0 0 0 0 0 0 0 0 24 0 24 0 24 0 0 4976 4976 4976 0 9952 20 20 20 9972 0 4976 20 0 0 0 20 0 0 0 0 0 0 0 0 0 0 0 20 0 4976 0 4976 4976 0 0 0 2512 2512 2512 1256 1256 1256 1256 1256 1256 0 5024 2512 5024 2512 0 0 0 0 0 0 0 0 0 0 0 0 0 0 0 0 0 0 0 0 0 0 0 0 0 0 0 0 0 0 0 0 0 0 0 1232 0 0 0 0 1232 0 1232 1232 1208 0 0 0 1232 2464 0 1232 1232 0 0 0 0 0 0 1232 1232 1232 1232 1232 1232 1232 1232 1232 1232 1232 1232 0 0 1232 0 1232 444 0 788 0 1232 0 0 0 411 1643 1232 1232 2464 1232 0 411 
31:/usr/local/share/lua/5.1/busted/environment.lua
0 0 0 0 0 0 0 194300 0 184440 162062 184440 0 0 0 0 0 0 0 0 32238 0 0 0 0 0 0 0 0 0 24 
72:/usr/local/share/lua/5.1/busted/execute.lua
24 24 24 0 0 0 0 0 0 0 0 0 24 0 0 24 0 0 24 24 0 0 0 0 0 0 0 0 0 0 0 0 0 0 0 0 0 0 24 0 48 24 0 0 0 0 0 24 0 24 0 0 0 0 24 24 24 24 0 24 24 0 24 0 24 0 0 0 48 0 24 24 
127:/usr/local/share/lua/5.1/busted/init.lua
0 0 0 0 24 24 24 0 24 24 0 0 363 363 363 0 363 363 0 0 845 845 0 845 0 0 0 0 845 0 845 845 845 0 845 0 845 845 845 845 845 0 0 0 0 0 0 845 0 0 845 845 0 0 0 0 0 0 0 0 0 0 0 0 0 0 0 0 0 0 0 0 0 0 0 0 0 0 0 0 0 0 0 0 0 0 0 0 0 0 0 0 0 0 0 0 0 0 0 0 0 0 0 0 0 0 0 0 0 0 0 0 0 0 0 0 0 0 0 0 0 0 0 0 0 0 3490 
50:/usr/local/share/lua/5.1/busted/languages/en.lua
24 0 24 0 0 24 24 24 24 0 24 24 24 24 0 24 24 24 24 0 24 24 24 24 0 24 0 24 24 0 0 24 24 24 24 24 24 24 24 24 0 24 24 24 24 24 24 0 24 24 
23:/usr/local/share/lua/5.1/busted/modules/files/lua.lua
24 0 24 0 0 1228 1228 1228 24 0 0 24 24 0 0 24 24 0 0 24 24 0 24 
107:/usr/local/share/lua/5.1/busted/modules/files/moonscript.lua
24 0 48 24 24 0 24 0 0 0 0 0 0 0 0 0 0 24 0 0 0 0 0 0 0 0 0 0 0 0 24 0 0 0 0 0 24 0 0 0 0 0 0 0 0 0 0 0 0 0 0 0 0 0 0 0 0 0 0 0 0 0 0 0 0 0 24 0 24 0 0 0 0 0 0 0 0 0 0 0 24 0 0 0 0 0 0 0 0 0 0 0 24 0 0 0 24 0 0 0 0 0 0 0 24 0 24 
129:/usr/local/share/lua/5.1/busted/modules/filter_loader.lua
0 0 0 845 845 0 3082 3082 2237 2237 0 0 845 24 0 0 0 0 24 0 0 1208 0 0 0 0 1208 24 0 0 845 845 0 0 0 0 845 24 0 0 1208 0 0 0 0 1208 24 0 0 845 0 0 0 0 845 24 0 0 0 0 0 0 0 0 0 0 0 24 0 0 0 24 0 24 0 0 0 0 0 0 24 0 0 0 24 0 0 192 336 240 0 0 216 0 0 0 0 0 0 0 0 24 0 24 0 0 0 0 0 0 0 0 0 0 0 0 0 0 24 24 24 24 0 0 24 24 24 24 24 
34:/usr/local/share/lua/5.1/busted/modules/output_handler_loader.lua
0 0 0 0 0 0 0 0 24 48 24 0 24 0 0 24 0 48 0 24 0 0 0 24 0 0 0 0 24 0 0 0 24 24 
101:/usr/local/share/lua/5.1/busted/modules/test_file_loader.lua
24 0 0 24 24 24 24 0 72 48 48 0 0 0 0 0 24 0 24 24 24 0 48 24 24 0 0 0 0 24 24 24 0 0 0 48 0 48 24 0 0 24 0 48 0 0 0 0 0 24 24 24 0 0 24 48 24 0 24 24 0 0 0 24 24 24 0 0 24 0 0 24 0 48 24 0 24 48 24 24 24 24 0 0 24 0 0 0 24 0 0 0 0 0 0 0 24 24 0 24 24 
179:/usr/local/share/lua/5.1/busted/outputHandlers/base.lua
0 24 24 24 24 24 24 24 24 24 24 24 0 0 0 2535 24 0 0 24 24 0 24 0 0 0 24 24 24 24 24 24 24 24 24 24 48 0 0 845 845 0 3082 3082 0 2237 2237 0 0 845 24 0 0 0 845 10080 9235 7545 0 0 845 845 0 845 845 845 845 845 845 845 0 845 0 845 24 0 0 24 0 0 0 24 24 0 0 24 24 24 24 0 0 0 0 0 0 0 0 0 0 0 0 0 24 0 0 24 24 24 24 0 0 845 845 24 0 0 0 0 845 825 825 20 0 0 20 0 19 19 1 0 1 1 0 0 825 0 825 825 825 0 0 0 825 0 0 825 0 825 24 0 0 0 0 0 0 24 0 0 19 19 24 0 0 1 1 1 24 0 0 20 0 0 0 0 20 24 0 24 24 
188:/usr/local/share/lua/5.1/busted/outputHandlers/utfTerminal.lua
24 24 24 0 24 0 24 0 0 0 24 0 0 0 24 24 0 24 24 24 24 0 0 0 0 0 0 0 0 0 0 0 0 0 0 0 0 24 0 0 20 20 20 0 0 0 0 0 0 20 24 0 0 20 20 1 0 0 20 0 0 0 0 20 20 20 20 20 0 0 20 20 0 0 20 24 0 0 24 24 24 24 0 24 24 24 24 24 0 24 0 24 0 0 0 24 9 15 11 0 0 24 24 0 0 0 0 24 23 1 1 0 0 24 0 24 24 24 24 24 24 0 0 845 845 0 845 0 845 19 826 1 0 0 845 845 0 0 845 24 0 0 24 24 24 0 24 24 0 0 24 24 0 24 0 0 0 0 43 19 19 0 0 25 1 1 0 0 24 24 0 0 0 0 0 0 24 0 24 24 24 24 24 24 24 0 24 24 
208:/usr/local/share/lua/5.1/busted/runner.lua
0 0 0 0 0 0 0 0 0 0 0 0 0 0 0 0 0 0 0 0 0 0 0 0 0 0 0 0 0 0 0 0 0 0 0 0 0 0 0 0 0 0 0 0 0 0 0 0 0 0 0 0 0 0 0 0 0 0 0 24 0 0 0 0 0 0 24 0 0 0 0 24 0 0 0 0 0 24 24 0 0 24 24 0 0 0 24 24 0 0 0 0 0 24 24 24 0 48 0 0 24 0 48 0 0 24 0 48 1 1 1 24 0 48 19 19 0 0 0 19 19 24 0 0 24 24 24 0 0 48 24 24 24 24 24 24 24 0 0 0 24 24 0 0 0 0 0 0 0 0 0 0 0 0 0 0 0 0 0 24 0 0 0 0 0 0 0 0 48 24 24 24 24 24 24 24 0 0 24 0 24 24 24 48 24 24 24 24 0 0 0 0 0 0 24 24 48 24 24 24 0 0 24 0 24 15 0 9 
42:/usr/local/share/lua/5.1/busted/status.lua
0 6666 6666 6666 6666 6666 6666 6666 6666 0 6666 0 0 0 5821 5821 8720 5821 5821 5821 0 0 0 5821 0 0 0 5821 0 0 0 845 845 845 0 6666 0 0 11642 5821 7511 5821 
35:/usr/local/share/lua/5.1/busted/utils.lua
0 0 0 24 24 120 96 96 0 0 24 0 0 0 0 0 0 0 0 0 0 0 0 0 0 0 24 24 24 24 24 120 96 0 24 
49:/usr/local/share/lua/5.1/luarocks/core/dir.lua
0 0 0 0 0 0 0 0 0 0 0 0 0 0 0 0 864 864 0 0 864 0 0 0 0 0 0 0 0 1152 0 1152 1152 1152 1152 0 1152 0 0 0 0 0 0 0 0 1152 1152 1152 1152 
78:/usr/local/share/lua/5.1/luarocks/core/manif.lua
0 0 0 0 0 0 0 0 0 0 0 0 0 0 0 0 0 0 0 0 0 0 0 0 0 0 0 0 0 0 0 0 576 576 0 0 0 0 0 0 0 0 0 0 288 288 288 0 0 0 0 0 0 0 0 0 0 0 576 0 576 576 288 0 0 288 288 0 0 0 288 576 576 576 288 0 864 288 
147:/usr/local/share/lua/5.1/luarocks/core/path.lua
0 0 0 0 0 0 0 0 0 0 576 0 0 576 0 0 576 576 0 0 0 0 0 0 0 0 0 0 0 0 0 0 0 0 0 0 0 0 0 0 0 0 0 0 216 0 216 216 216 0 0 0 0 0 0 0 0 0 0 0 0 0 216 216 216 0 0 0 0 0 0 0 0 0 0 0 0 0 0 0 0 0 0 0 0 0 0 0 0 0 0 0 0 0 0 0 0 0 0 0 0 0 0 0 0 0 0 0 0 0 0 0 1152 0 0 1152 1152 0 0 0 0 0 0 0 0 0 0 0 288 288 288 0 0 288 288 0 0 864 576 288 0 576 576 0 0 0 288 
75:/usr/local/share/lua/5.1/luarocks/core/persist.lua
0 0 0 0 0 0 0 0 0 0 0 0 0 288 288 288 0 0 0 0 0 0 0 0 0 0 0 0 0 0 0 0 0 0 0 0 0 0 0 0 0 0 0 0 0 0 0 0 0 0 0 0 0 0 0 0 288 288 0 288 288 288 0 0 288 0 288 288 0 288 0 288 0 288 288 
207:/usr/local/share/lua/5.1/luarocks/loader.lua
0 0 0 0 0 0 0 0 0 0 0 0 0 0 0 0 0 0 0 0 0 0 0 0 0 0 0 0 0 0 0 0 0 0 0 0 0 0 0 0 0 0 0 0 0 0 0 0 0 0 0 0 0 0 0 0 0 0 0 0 0 0 0 0 0 0 0 0 0 0 0 0 0 0 0 0 0 0 0 0 0 0 0 0 0 0 0 0 0 0 0 0 0 0 0 0 0 0 0 0 0 0 0 0 0 0 0 0 0 0 216 216 216 216 0 0 216 216 216 0 0 0 0 0 0 0 0 0 0 0 0 0 0 0 0 0 0 0 0 0 0 288 288 0 0 0 288 288 576 288 288 216 0 72 72 72 0 0 0 0 0 288 0 0 0 0 288 0 0 0 0 0 0 0 0 0 0 576 216 0 0 216 288 0 0 0 0 0 0 0 0 0 0 0 0 0 0 0 0 0 0 0 0 0 288 288 288 
177:/usr/local/share/lua/5.1/luassert/assert.lua
0 0 0 0 0 0 0 0 0 0 0 19 0 19 0 0 19 19 0 0 19 0 0 0 0 0 7986 0 7985 0 23490 15505 0 0 7985 22626 15073 7520 0 0 0 7553 7553 7553 0 7553 19 19 0 0 19 19 0 0 7534 216 0 7318 0 432 432 432 0 864 432 432 0 0 0 0 432 0 0 0 24199 15771 0 0 8428 0 0 0 0 7554 0 0 0 0 0 0 0 0 0 0 0 0 0 0 0 0 0 0 0 0 0 0 0 0 0 0 0 0 0 0 0 0 0 0 0 0 0 19 19 57 38 38 38 38 38 0 0 19 0 0 0 0 0 0 0 112 0 0 0 96 96 0 0 0 0 0 0 0 0 0 0 0 0 0 0 0 0 0 0 0 0 0 0 0 465 0 0 0 465 0 0 0 7554 
261:/usr/local/share/lua/5.1/luassert/assertions.lua
0 0 0 0 0 0 0 0 0 0 0 0 0 0 0 0 0 0 7121 0 0 7121 0 0 0 0 0 0 0 0 0 0 0 0 0 0 0 0 0 0 0 0 0 0 0 0 0 0 0 0 0 0 0 0 0 0 0 0 0 0 0 0 0 0 0 0 0 0 0 0 0 0 0 0 0 0 0 0 0 0 0 0 0 0 0 0 0 0 0 0 0 0 0 0 0 0 0 0 0 0 0 0 0 0 0 0 0 0 0 0 0 0 120 120 120 120 0 120 120 120 0 0 0 129 129 129 129 105 0 105 105 105 105 105 105 0 24 0 24 24 24 0 0 0 81 81 0 0 0 0 0 0 0 216 216 216 216 216 216 216 216 0 168 0 216 216 216 216 216 216 216 216 0 216 216 0 0 0 0 0 0 0 0 0 0 0 0 0 0 0 0 0 0 0 0 0 0 0 0 0 0 0 0 0 0 0 0 0 0 0 0 0 0 0 0 0 0 0 0 0 0 0 0 0 0 0 0 0 0 0 0 0 0 0 0 0 0 0 0 0 0 0 0 0 0 0 0 0 0 0 0 0 0 0 0 0 0 0 6575 6575 6575 
202:/usr/local/share/lua/5.1/luassert/formatters/init.lua
0 0 0 0 28 0 0 0 0 0 0 0 0 0 0 0 0 0 0 0 0 0 0 0 0 0 0 0 114 28 0 0 86 0 86 0 86 0 0 0 86 0 86 0 0 0 0 0 86 0 0 0 2 2 0 0 0 0 10 8 0 2 0 0 10 0 0 10 0 0 0 0 0 0 0 0 0 0 0 0 56 0 0 0 28 28 0 84 56 56 0 0 28 0 0 28 28 28 0 28 28 28 0 0 0 0 0 0 28 0 28 28 0 0 0 38 10 0 0 28 28 28 28 28 28 28 0 28 28 0 0 0 0 0 0 0 0 0 0 0 0 28 0 0 0 28 0 0 0 28 0 0 0 28 28 0 28 28 0 84 56 56 56 0 56 0 56 28 0 0 56 56 56 56 0 0 28 0 28 28 0 28 0 0 0 38 0 0 0 38 0 0 38 0 0 38 0 0 38 0 0 38 
65:/usr/local/share/lua/5.1/luassert/match.lua
0 0 0 0 0 0 0 0 0 0 0 0 0 0 0 0 0 0 0 0 0 0 0 0 0 0 0 0 0 0 0 0 0 0 0 0 0 0 0 0 0 0 0 0 0 0 0 0 0 0 0 0 0 0 0 0 0 0 0 0 0 0 0 0 4346 
10:/usr/local/share/lua/5.1/luassert/modifiers.lua
0 0 0 0 7448 0 0 0 72 72 
130:/usr/local/share/lua/5.1/luassert/spy.lua
0 0 0 0 0 0 0 432 432 432 0 432 432 432 432 432 432 0 0 0 0 0 0 96 96 0 0 192 96 96 96 0 96 96 0 0 0 0 0 0 0 0 0 96 0 0 0 0 0 96 0 0 168 0 0 0 0 168 96 0 0 264 96 0 0 0 96 96 96 96 0 0 0 3744 0 0 0 0 0 0 0 0 0 0 0 0 0 0 432 432 0 0 432 0 0 0 0 0 0 0 0 0 0 0 0 264 264 264 264 0 0 0 0 0 0 168 168 168 0 0 0 168 168 168 168 168 168 168 168 168 
124:/usr/local/share/lua/5.1/luassert/state.lua
0 0 0 0 0 0 0 0 0 0 0 0 0 0 0 0 0 0 0 0 0 0 0 0 0 0 0 0 0 0 0 0 0 0 0 0 0 0 0 0 0 0 0 0 0 0 0 0 0 0 0 0 0 0 0 0 0 0 0 0 0 0 0 0 0 0 0 0 0 0 0 0 0 0 0 0 0 0 0 0 0 0 0 0 0 0 0 0 38 174 174 174 0 0 0 0 0 0 0 0 0 0 0 0 0 0 0 0 112 112 112 0 0 0 112 112 0 0 0 0 0 0 96 96 
283:/usr/local/share/lua/5.1/luassert/util.lua
0 0 4173 4173 0 4173 1283 1283 0 1283 0 0 0 1283 0 0 0 1283 1283 1283 1283 1283 0 0 0 1283 0 0 0 1283 1283 0 3820 3322 3322 648 0 0 2674 2674 137 137 137 0 0 3005 0 0 2507 0 0 498 498 0 498 0 0 0 1080 1080 2880 1800 0 1080 0 0 0 3744 3744 456 0 0 456 456 456 0 2832 2376 0 456 0 0 456 0 456 0 0 0 0 0 0 0 864 864 864 2232 1368 0 864 0 0 0 0 0 0 0 0 0 1106 1753 1489 1489 0 1489 0 0 1489 842 0 0 816 0 0 552 552 0 0 0 0 0 0 0 0 264 264 1106 1106 264 0 0 0 0 0 0 0 0 0 0 0 0 0 0 0 6992 6992 6992 6992 6992 6992 0 0 0 0 6992 6992 0 6992 0 168 168 0 0 7241 249 0 0 6992 6992 0 0 0 0 0 0 0 0 0 249 249 0 249 0 0 0 0 0 249 0 498 249 0 0 249 249 249 0 0 0 0 0 0 0 0 0 312 0 0 0 0 0 0 0 0 19 0 0 0 0 0 0 0 0 8005 8005 8005 8005 16010 8005 8005 8005 0 8005 8005 0 0 0 0 0 0 0 0 7986 0 0 7986 7986 7986 23493 15507 15507 0 0 15507 15771 264 264 264 264 0 0 15507 15505 15505 0 15507 0 0 0 7986 1 0 0 7985 
154:/usr/local/share/lua/5.1/mediator.lua
0 744 0 0 0 744 744 744 744 0 0 0 0 0 744 0 744 744 0 0 0 0 0 600 600 600 600 600 600 0 0 744 744 0 744 0 744 480 480 0 360 0 0 744 0 744 600 0 0 0 0 0 0 0 0 0 0 0 0 600 0 0 0 0 0 0 0 0 600 0 0 600 600 600 0 0 0 600 0 0 8920 600 0 0 0 0 0 0 0 0 0 0 0 600 0 0 15673 8029 0 0 8029 0 8029 0 8029 8029 0 0 0 7644 5088 0 2556 0 600 600 0 0 0 0 0 0 0 0 0 0 0 0 0 0 0 4532 0 13452 8920 0 0 4532 0 0 0 744 0 0 0 0 0 0 0 0 0 0 0 3788 
565:/usr/local/share/lua/5.1/pl/List.lua
0 0 0 0 0 0 0 0 0 0 0 0 0 0 0 0 0 0 0 0 24 24 24 24 24 24 24 0 24 24 0 0 24 24 0 24 0 24 0 0 0 0 0 0 0 0 24 0 0 0 24 0 24 0 24 0 24 0 0 0 0 0 0 24 0 0 0 0 0 0 0 0 0 0 0 0 24 0 0 0 0 24 0 0 0 24 0 0 0 0 24 0 0 24 0 24 0 0 0 0 0 24 0 0 0 24 0 0 0 0 0 0 24 0 0 0 24 0 0 0 0 24 0 24 0 0 0 0 0 24 0 0 0 24 0 0 0 0 0 0 0 24 0 0 0 0 24 0 0 0 0 0 0 24 0 0 0 24 0 24 0 0 0 0 0 0 0 0 24 24 0 0 0 0 24 0 24 0 0 0 0 24 0 0 0 0 0 24 0 0 0 0 24 0 0 0 24 0 0 0 0 24 0 24 0 0 0 24 0 0 0 0 0 0 0 24 0 0 0 0 24 0 0 0 0 0 0 0 24 0 0 0 0 0 0 0 0 24 0 24 0 0 0 24 0 0 24 0 24 0 0 0 0 0 0 0 0 0 0 0 24 0 0 0 0 0 0 0 0 0 0 0 0 0 0 0 24 0 0 24 0 24 0 0 0 0 0 0 0 0 24 0 24 0 0 0 0 0 0 0 24 0 0 0 0 0 0 0 0 24 0 0 0 0 0 0 24 0 0 0 0 0 0 24 0 0 0 0 0 24 0 0 0 0 24 0 0 0 0 0 24 0 0 0 0 0 24 0 0 0 0 0 24 0 0 0 24 0 0 0 0 0 0 24 0 0 0 0 0 0 0 24 0 0 0 0 24 0 24 0 0 0 0 24 0 0 0 0 24 0 0 0 0 0 24 0 0 0 0 24 0 0 0 0 0 24 0 0 0 0 0 24 0 24 0 0 0 0 0 0 24 0 0 24 0 0 0 0 0 0 0 0 24 0 24 0 0 0 0 0 0 24 0 0 24 0 0 0 0 0 0 0 0 24 0 24 0 0 0 0 0 0 0 24 0 0 0 0 0 0 0 24 0 0 0 0 0 24 0 24 0 0 0 0 0 0 0 0 0 0 0 24 0 24 0 0 0 0 0 24 0 24 0 0 0 0 0 0 0 0 24 0 0 0 0 0 0 0 0 0 0 24 0 0 24 0 24 0 0 0 0 0 0 0 24 0 0 0 0 0 0 0 0 0 0 0 0 0 0 0 0 0 0 0 0 0 0 0 0 0 0 24 24 0 24 
214:/usr/local/share/lua/5.1/pl/class.lua
0 0 0 0 0 0 0 0 0 0 0 0 0 0 0 0 0 0 0 0 0 0 0 0 0 0 0 0 0 0 0 0 0 0 0 0 0 0 0 0 0 0 0 0 0 0 0 0 0 0 0 0 0 0 0 0 0 0 0 0 0 0 0 0 0 0 0 0 0 0 0 0 0 0 0 0 0 0 0 0 0 0 0 0 0 0 0 0 0 0 0 0 0 0 0 0 0 0 0 0 0 0 0 0 0 0 0 0 0 0 0 0 0 0 0 0 0 0 0 0 0 0 0 0 24 0 24 24 0 0 0 24 0 0 24 0 0 0 0 0 0 24 0 0 0 24 24 24 24 0 0 24 0 0 0 0 0 0 0 0 0 0 0 0 0 0 0 0 0 0 0 0 0 0 0 0 0 0 24 0 0 0 0 0 0 0 0 24 24 24 24 24 0 24 24 0 0 24 0 0 0 0 0 0 0 0 0 0 0 0 0 0 0 24 
475:/usr/local/share/lua/5.1/pl/dir.lua
0 0 0 0 0 0 0 24 24 24 24 24 24 24 24 24 24 24 24 24 0 24 0 0 24 24 0 0 24 48 0 0 24 24 24 0 0 0 0 0 0 0 0 0 0 24 0 0 0 24 0 0 0 0 0 0 24 0 0 0 0 0 0 0 0 24 0 0 0 0 0 0 0 0 0 0 0 0 0 0 24 0 0 0 0 0 0 24 0 0 0 0 0 0 0 0 0 0 24 0 0 0 0 0 24 0 0 24 0 24 0 0 0 0 0 0 0 0 0 0 0 0 0 0 24 0 0 0 0 0 0 0 0 0 0 0 0 0 0 0 0 0 0 0 0 0 0 0 0 0 0 0 0 0 0 0 0 0 0 0 0 0 0 0 0 0 0 0 0 0 0 0 0 0 0 0 0 0 0 0 0 0 24 0 0 0 24 0 0 0 0 0 0 0 0 0 0 0 0 0 0 0 0 0 0 0 0 0 0 0 0 0 0 0 0 0 0 0 0 0 0 0 0 0 0 0 0 0 24 0 0 0 0 0 0 0 24 0 0 0 0 24 0 0 0 0 0 0 24 0 0 0 24 0 0 0 0 0 0 0 0 0 0 0 0 0 0 0 0 24 0 0 0 0 0 0 0 0 0 24 0 0 0 0 0 0 0 0 0 0 0 0 0 0 24 0 0 0 0 0 0 0 0 24 0 0 0 0 0 0 24 0 0 0 0 0 0 0 0 0 0 0 24 0 24 24 0 0 24 0 0 24 0 0 0 0 0 0 0 0 0 0 0 0 0 24 0 0 0 0 0 0 24 0 0 0 0 0 24 0 0 0 0 0 0 0 0 0 0 0 0 0 0 24 0 0 0 0 0 0 0 0 0 0 0 0 0 0 0 0 0 0 0 0 0 0 0 0 0 0 0 0 0 0 0 0 0 0 0 0 0 0 0 0 0 24 0 0 0 0 0 24 24 24 24 0 24 24 0 0 0 0 96 72 24 24 24 24 24 0 0 0 0 0 48 0 48 24 0 0 0 0 0 0 0 0 24 24 24 0 24 24 48 24 24 24 24 0 0 0 0 24 24 0 24 
275:/usr/local/share/lua/5.1/pl/path.lua
0 0 0 0 0 0 0 0 0 0 0 0 0 0 0 0 0 0 0 0 0 0 0 0 0 0 0 0 0 0 0 0 0 0 0 0 0 0 0 0 0 0 0 0 0 0 0 0 0 0 0 0 0 0 72 72 0 0 72 0 0 0 0 0 24 24 0 0 0 0 0 0 0 0 0 0 0 0 0 0 0 0 0 0 0 0 0 0 0 0 24 24 0 0 0 0 0 0 0 0 0 0 0 0 0 0 0 0 0 0 0 0 0 0 0 0 0 37611 0 0 0 0 0 0 0 0 0 0 0 0 0 0 0 0 0 0 0 0 0 0 0 0 0 0 0 0 0 0 0 2499 2499 2499 37515 35016 35016 0 2499 0 0 2499 0 0 0 0 0 0 0 0 0 0 0 0 0 0 0 0 0 0 0 0 0 0 0 0 0 0 0 24 24 24 96 72 0 0 72 72 0 24 0 0 24 0 0 0 0 0 0 2475 2475 2475 0 0 0 0 0 24 24 24 0 0 0 0 0 24 24 24 0 0 0 0 0 0 0 0 0 0 0 0 0 0 0 0 0 0 0 0 0 0 0 0 0 0 0 0 0 0 0 0 0 0 0 0 0 0 0 0 0 0 0 0 48 48 0 0 48 
830:/usr/local/share/lua/5.1/pl/tablex.lua
0 0 0 0 0 0 0 0 0 0 0 0 0 0 0 0 0 0 0 0 0 48 48 0 0 0 0 0 0 0 0 0 0 0 0 0 0 0 48 0 0 48 0 0 77 0 0 77 0 0 0 0 0 0 0 0 0 0 0 0 0 0 0 0 0 0 0 0 0 0 0 0 0 0 0 0 0 0 0 0 0 0 0 0 0 0 0 0 0 77 77 4929 4852 0 77 0 0 0 0 0 0 0 0 0 0 0 0 0 0 0 0 0 0 0 0 0 0 0 0 0 0 0 0 0 0 0 0 0 0 0 0 0 0 0 0 0 0 0 0 0 0 0 0 0 0 0 0 0 0 0 0 0 0 0 0 0 0 0 0 0 0 0 0 0 0 0 0 0 0 0 0 0 0 0 0 0 0 0 0 0 0 0 0 0 0 0 0 0 0 0 0 0 0 0 0 0 0 0 0 0 0 0 0 0 0 0 0 0 0 0 0 0 0 0 0 0 0 0 0 0 0 0 0 0 0 0 0 0 0 0 0 0 0 0 0 0 0 0 0 0 0 0 0 0 0 0 0 0 0 0 0 0 0 0 0 0 0 0 0 0 0 0 0 0 0 0 0 0 0 0 0 0 0 0 0 0 0 0 0 0 0 0 0 0 0 0 0 0 0 0 0 0 0 0 0 0 0 0 0 0 0 0 0 0 0 0 0 0 0 0 0 0 0 0 0 0 0 0 0 0 0 0 0 0 0 0 0 0 0 0 0 0 0 0 0 0 0 0 0 0 0 0 0 0 0 0 0 0 0 0 0 0 0 0 0 0 0 0 0 0 0 0 0 0 0 0 0 0 0 0 0 0 0 0 0 0 0 0 0 0 0 0 0 0 0 0 0 0 0 0 0 0 0 0 0 0 0 0 0 0 0 0 0 0 0 0 0 0 0 0 0 0 0 0 0 0 0 0 0 0 0 0 0 0 0 0 0 0 0 0 0 0 0 0 0 0 0 0 0 0 0 0 0 0 0 0 0 0 0 0 0 0 0 0 0 0 0 0 0 0 0 0 0 0 0 0 0 0 0 0 0 0 0 0 0 0 0 0 0 0 0 0 0 0 0 0 0 0 0 0 0 0 0 0 0 0 0 0 0 0 0 0 0 0 0 0 0 0 0 0 0 0 0 0 0 0 0 0 0 0 0 0 0 0 0 0 0 0 0 0 0 0 0 0 0 0 0 0 0 0 0 0 0 0 0 0 0 0 0 0 0 0 0 0 0 0 0 0 0 0 0 0 0 0 0 0 0 0 0 0 0 0 0 0 0 0 0 0 0 0 0 0 0 0 0 0 0 0 0 0 0 0 0 0 0 0 0 0 0 0 0 0 0 0 0 0 0 0 0 0 0 0 0 0 0 0 0 0 0 0 0 0 0 0 0 0 0 0 0 0 0 0 0 0 0 0 0 0 0 0 0 0 0 0 0 0 0 0 0 0 0 0 0 0 0 0 0 0 0 0 0 0 0 0 0 48 48 48 96 48 48 48 48 0 0 48 0 0 0 0 0 0 0 0 0 0 0 0 0 0 0 0 0 0 0 0 0 0 0 0 0 0 0 0 0 0 0 0 0 0 0 0 0 0 0 0 0 0 0 0 0 0 0 0 0 0 0 0 0 0 0 0 0 0 0 0 0 0 0 0 0 0 0 0 0 0 0 0 0 0 0 0 0 0 0 0 0 0 0 0 0 0 0 0 0 0 0 0 0 0 0 0 0 0 0 0 0 0 0 0 0 0 0 0 0 0 0 0 0 0 0 0 0 0 0 0 0 0 0 0 0 0 0 0 0 0 0 0 0 0 0 0 0 24 24 24 24 0 0 0 24 24 0 0 24 48 24 0 0 24 
115:/usr/local/share/lua/5.1/pl/types.lua
0 0 0 0 0 0 0 0 0 0 0 0 0 0 0 0 0 0 0 0 0 0 0 0 0 0 0 0 0 0 0 0 0 0 0 0 0 0 0 0 0 0 0 0 0 0 0 0 0 0 0 0 0 0 0 0 0 0 0 0 0 0 0 0 0 0 0 0 0 0 0 0 0 0 0 0 0 0 0 0 0 0 0 0 125 0 0 0 0 0 0 0 0 0 0 0 0 0 48 48 0 0 0 0 0 0 0 0 0 0 0 0 0 77 77 
462:/usr/local/share/lua/5.1/pl/utils.lua
0 0 0 0 0 0 0 0 0 0 0 0 0 0 0 0 0 0 0 0 0 0 0 0 0 0 0 0 0 0 0 0 0 0 0 0 0 0 0 0 0 0 0 0 0 0 0 0 0 0 0 0 0 0 0 0 0 0 0 0 0 0 0 0 0 0 0 0 0 0 0 0 0 0 0 0 0 0 0 0 0 0 0 0 0 0 0 0 0 0 0 0 0 0 0 0 0 0 0 0 0 0 0 0 0 0 0 0 0 0 0 0 0 0 0 0 0 0 0 0 0 0 0 0 0 0 0 0 0 0 0 0 0 0 0 0 0 0 0 0 0 0 0 0 0 0 0 0 0 0 0 0 0 0 0 0 0 0 0 0 0 0 0 0 0 0 0 0 0 0 0 0 0 0 0 0 0 0 0 0 0 0 0 0 0 5334 0 0 5334 0 0 5334 0 0 0 0 0 0 0 0 0 0 0 0 0 48 48 48 0 0 0 0 0 0 0 0 0 0 0 0 0 0 0 0 0 0 0 0 0 0 0 0 0 0 0 0 0 0 0 0 0 0 0 0 0 5238 0 0 0 0 0 0 0 0 0 0 0 0 0 0 0 0 0 0 0 0 0 0 0 0 0 0 0 0 0 0 0 0 0 0 0 0 0 0 0 0 0 0 0 0 0 0 0 0 0 0 0 0 0 0 0 0 0 0 0 0 0 0 0 0 0 0 0 0 0 0 0 0 0 0 0 0 0 0 0 0 0 0 0 0 0 0 0 0 0 0 0 0 0 0 0 0 0 0 0 0 0 0 0 0 0 0 0 0 0 0 0 0 0 0 0 0 0 0 0 0 0 0 0 0 0 0 0 0 0 0 0 0 0 0 0 0 0 0 0 0 0 0 0 0 0 0 0 0 0 0 0 0 0 0 0 0 0 0 0 0 0 0 0 0 0 0 0 0 0 0 0 0 0 0 0 0 0 0 0 0 0 0 0 0 0 0 0 0 0 0 0 0 0 0 0 0 0 0 0 0 0 0 0 0 0 0 0 0 0 0 0 0 0 0 24 24 
48:/usr/local/share/lua/5.1/say/init.lua
0 0 0 0 0 0 0 0 0 0 0 0 0 24 24 0 0 24 0 0 0 0 0 0 0 0 0 456 456 0 0 0 0 693 0 693 0 693 0 0 693 693 0 2342 1649 0 0 693 
39:/usr/local/share/lua/5.1/term/colors.lua
0 0 0 0 0 0 0 0 0 0 0 0 0 0 0 0 0 0 0 0 0 0 0 0 0 0 0 0 0 0 594 0 0 0 594 0 0 0 297 
243:/usr/share/lua/5.1/luarocks/loader.lua
0 0 0 0 0 0 0 0 0 0 0 0 0 0 0 0 0 0 0 0 0 0 0 0 0 0 0 0 0 0 0 0 0 0 0 0 0 0 0 0 0 0 0 0 0 0 0 0 0 0 0 0 0 0 0 0 0 0 0 0 0 0 0 0 0 0 0 0 0 0 0 0 0 0 0 0 0 0 0 216 0 0 0 0 0 0 216 216 0 0 0 0 0 0 0 0 0 0 0 0 0 0 0 0 0 0 0 0 0 0 0 0 0 0 0 0 0 0 0 0 0 0 0 0 0 0 0 0 0 0 0 0 0 0 0 0 0 0 0 0 0 0 0 0 648 648 432 432 216 0 0 0 0 0 0 0 0 0 0 0 0 0 0 0 0 0 0 0 0 0 0 288 0 0 0 288 432 360 360 216 216 216 216 0 0 216 216 216 0 0 0 0 0 0 0 72 0 0 0 0 72 0 0 0 0 0 0 0 0 0 0 576 216 0 0 216 288 0 0 0 0 0 0 0 0 0 0 0 0 0 0 0 0 0 0 0 0 288 288 72 0 216 216 
257:/usr/share/lua/5.1/luarocks/path.lua
0 0 0 0 0 0 0 0 0 0 0 0 0 0 0 0 0 0 0 0 0 0 0 0 0 0 0 0 0 0 0 0 0 0 0 0 0 0 0 0 0 0 0 0 0 0 0 0 0 0 0 0 0 0 0 0 0 0 0 0 0 0 0 0 0 0 0 0 0 0 0 0 0 0 0 0 0 0 0 0 0 0 0 0 0 0 0 0 0 0 0 0 0 0 0 0 0 0 0 0 0 0 0 0 0 0 0 0 0 0 0 0 0 0 0 0 0 0 0 0 0 0 0 0 0 0 0 0 0 0 0 0 0 0 0 0 0 0 0 0 0 0 0 0 0 0 0 0 0 0 0 0 0 0 0 0 0 0 0 0 0 0 0 0 0 0 0 0 0 0 0 0 0 0 0 0 0 0 0 0 0 0 0 0 0 0 0 0 0 0 0 0 0 0 0 0 0 0 0 0 0 0 0 0 0 0 0 0 0 0 0 0 0 0 0 0 0 0 0 0 0 0 0 0 0 0 0 0 0 0 0 0 0 0 0 0 0 0 0 216 0 216 216 216 216 216 0 0 0 0 0 0 0 0 216 216 216 
317:Test/Lib/LibClockTST_spec.lua
0 0 0 24 24 0 48 0 48 24 24 47 0 48 48 24 24 48 0 48 48 24 24 48 0 48 0 48 24 24 0 46 22 22 22 22 44 0 44 22 22 26 24 24 24 46 4 44 26 46 46 46 2 46 2 48 22 48 2 48 26 26 22 48 0 48 2 48 0 48 24 46 2 48 22 26 44 4 44 4 46 4 44 26 46 2 48 22 26 44 4 44 4 46 23 34 36 36 22 28 32 26 22 35 27 33 40 35 692 1950 3833 3781 3574 2947 12 40 40 57 48 882 864 899 853 869 13 24 36 33 16 35 34 56 21 1915 1897 1904 1906 11 27 38 40 12 26 12 92 28 38 7 22 24 28 4 21 29 32 16 20 18 20 31 12 17 30 29 10 29 16 22 24 28 4 21 29 32 16 20 18 20 31 12 17 30 29 10 29 16 22 21 28 4 20 29 35 13 30 21 20 33 19 41 57 25 23 51 21 27 19 34 19 27 38 33 22 65 8 33 22 37 17 42 44 46 12 42 16 31 103 28 32 24 42 30 38 25 42 36 32 19 36 40 41 26 44 33 38 24 40 26 40 15 36 16 37 37 33 40 19 29 41 32 16 33 28 27 33 24 37 27 30 41 11 40 15 33 16 36 21 31 20 31 21 28 33 18 33 28 21 31 17 34 29 16 25 25 13 13 13 17 18 8 18 8 18 12 18 9 9 9 9 9 18 0 18 0 18 0 27 
281:Test/Lib/LibClockTST_spec.lua
0 0 0 24 24 0 48 0 48 24 24 48 0 48 48 24 24 48 0 48 48 24 24 48 0 48 0 48 24 24 0 48 24 24 24 23 47 0 48 22 26 24 26 22 24 44 2 48 8 46 26 44 0 48 17 30 30 20 31 17 41 8 43 22 37 8 40 25 22 34 16 39 9 43 11 44 22 37 8 54 27 26 20 37 37 9 40 11 98 44 36 10 31 10 35 13 21 34 37 9 24 23 12 25 15 11 34 44 42 27 22 17 8 17 5 14 34 45 8 20 23 10 16 11 10 32 45 12 18 19 21 8 17 5 14 34 45 8 20 23 10 16 11 10 32 45 12 18 19 19 10 15 7 14 34 45 12 18 11 22 7 41 15 41 38 43 2 41 11 28 109 14 29 15 51 14 49 22 33 19 32 10 44 45 44 14 36 42 39 21 74 32 46 10 46 4 47 40 45 38 16 36 46 48 16 36 30 27 38 19 37 28 39 35 16 35 18 46 14 46 18 29 23 27 16 29 33 13 42 25 26 21 29 24 32 15 33 29 17 26 24 19 37 10 38 13 40 8 43 23 22 22 22 18 38 5 40 8 37 7 53 6 14 2 15 2 14 2 9 5 5 5 5 6 8 2 8 2 8 3 12 
